<?xml version="1.0" encoding="UTF-8" ?>
<testsuite 
errors="0" failures="0" hostname="Lenovo-PC" name="org.scalatest.tools.DiscoverySuite" tests="0" time="0.017" timestamp="2016-04-16T12:37:35">
  <properties>
    <property name="java.runtime.name" value="Java(TM) SE Runtime Environment">
    </property>
    <property 
    name="sun.boot.library.path" value="C:\Program Files\Java\jre7\bin">
</property>
    <property name="java.vm.version" value="24.79-b02"> </property>
    <property name="java.vm.vendor" value="Oracle Corporation"> </property>
    <property name="java.vendor.url" value="http://java.oracle.com/">
    </property>
    <property name="path.separator" value=";"> </property>
    <property name="java.vm.name" value="Java HotSpot(TM) 64-Bit Server VM">
    </property>
    <property name="file.encoding.pkg" value="sun.io"> </property>
    <property name="user.script" value=""> </property>
    <property name="user.country" value="US"> </property>
    <property name="sun.java.launcher" value="SUN_STANDARD"> </property>
    <property name="sun.os.patch.level" value=""> </property>
    <property 
    name="java.vm.specification.name" value="Java Virtual Machine Specification">
</property>
    <property 
    name="user.dir" value="C:\Users\Ankur\IdeaProjects\NeuroHadoopScala">
</property>
    <property name="java.runtime.version" value="1.7.0_79-b15"> </property>
    <property 
    name="java.awt.graphicsenv" value="sun.awt.Win32GraphicsEnvironment">
</property>
    <property 
    name="basedir" value="C:\Users\Ankur\IdeaProjects\NeuroHadoopScala">
</property>
    <property 
    name="java.endorsed.dirs" value="C:\Program Files\Java\jre7\lib\endorsed">
</property>
    <property name="os.arch" value="amd64"> </property>
    <property name="java.io.tmpdir" value="C:\Users\Ankur\AppData\Local\Temp\">
    </property>
    <property name="line.separator" value=" "> </property>
    <property name="java.vm.specification.vendor" value="Oracle Corporation">
    </property>
    <property name="user.variant" value=""> </property>
    <property name="os.name" value="Windows 8.1"> </property>
    <property name="sun.jnu.encoding" value="Cp1252"> </property>
    <property 
    name="java.library.path" value="C:\windows\system32;C:\windows\Sun\Java\bin;C:\windows\system32;C:\windows;C:\oraclexe\app\oracle\product\11.2.0\server\bin;C:\Program Files (x86)\Lenovo\FusionEngine;C:\Program Files (x86)\Intel\iCLS Client\;C:\Program Files\Intel\iCLS Client\;C:\windows\system32;C:\windows;C:\windows\System32\Wbem;C:\windows\System32\WindowsPowerShell\v1.0\;C:\Program Files\Intel\Intel(R) Management Engine Components\DAL;C:\Program Files (x86)\Intel\Intel(R) Management Engine Components\DAL;C:\Program Files\Intel\Intel(R) Management Engine Components\IPT;C:\Program Files (x86)\Intel\Intel(R) Management Engine Components\IPT;C:\Program Files (x86)\ATI Technologies\ATI.ACE\Core-Static;C:\Program Files\Intel\WiFi\bin\;C:\Program Files\Common Files\Intel\WirelessCommon\;C:\Program Files (x86)\Lenovo\Motion Control\;C:\Program Files (x86)\Common Files\lenovo\easyplussdk\bin;C:\Program Files\Java\jdk1.7.0_79\bin;D:\Ank Softwares\apache-maven-3.3.3-bin\apache-maven-3.3.3\bin;C:\Program Files\MongoDB\Server\3.0\bin;C:\Program Files\nodejs\;C:\Program Files\Git\cmd;C:\Program Files (x86)\sbt\\bin;C:\Program Files (x86)\Skype\Phone\;C:\Program Files (x86)\scala\bin;C:\gradle-2.12-bin\gradle-2.12\bin;C:\Users\Ankur\AppData\Roaming\npm;.">
</property>
    <property 
    name="java.specification.name" value="Java Platform API Specification">
</property>
    <property name="java.class.version" value="51.0"> </property>
    <property 
    name="sun.management.compiler" value="HotSpot 64-Bit Tiered Compilers">
</property>
    <property name="os.version" value="6.3"> </property>
    <property name="user.home" value="C:\Users\Ankur"> </property>
    <property name="user.timezone" value=""> </property>
    <property name="java.awt.printerjob" value="sun.awt.windows.WPrinterJob">
    </property>
    <property name="file.encoding" value="Cp1252"> </property>
    <property name="java.specification.version" value="1.7"> </property>
    <property name="user.name" value="Ankur"> </property>
    <property 
    name="java.class.path" value="C:\Users\Ankur\IdeaProjects\NeuroHadoopScala\target\test-classes;C:\Users\Ankur\IdeaProjects\NeuroHadoopScala\target\classes;C:\Users\Ankur\.m2\repository\org\apache\spark\spark-core_2.10\1.5.0-cdh5.5.1\spark-core_2.10-1.5.0-cdh5.5.1.jar;C:\Users\Ankur\.m2\repository\com\twitter\chill_2.10\0.5.0\chill_2.10-0.5.0.jar;C:\Users\Ankur\.m2\repository\com\esotericsoftware\kryo\kryo\2.21\kryo-2.21.jar;C:\Users\Ankur\.m2\repository\com\esotericsoftware\reflectasm\reflectasm\1.07\reflectasm-1.07-shaded.jar;C:\Users\Ankur\.m2\repository\com\esotericsoftware\minlog\minlog\1.2\minlog-1.2.jar;C:\Users\Ankur\.m2\repository\org\objenesis\objenesis\1.2\objenesis-1.2.jar;C:\Users\Ankur\.m2\repository\com\twitter\chill-java\0.5.0\chill-java-0.5.0.jar;C:\Users\Ankur\.m2\repository\org\apache\hadoop\hadoop-client\2.6.0-cdh5.5.1\hadoop-client-2.6.0-cdh5.5.1.jar;C:\Users\Ankur\.m2\repository\org\apache\hadoop\hadoop-common\2.6.0-cdh5.5.1\hadoop-common-2.6.0-cdh5.5.1.jar;C:\Users\Ankur\.m2\repository\commons-cli\commons-cli\1.2\commons-cli-1.2.jar;C:\Users\Ankur\.m2\repository\xmlenc\xmlenc\0.52\xmlenc-0.52.jar;C:\Users\Ankur\.m2\repository\commons-httpclient\commons-httpclient\3.1\commons-httpclient-3.1.jar;C:\Users\Ankur\.m2\repository\commons-collections\commons-collections\3.2.2\commons-collections-3.2.2.jar;C:\Users\Ankur\.m2\repository\commons-configuration\commons-configuration\1.6\commons-configuration-1.6.jar;C:\Users\Ankur\.m2\repository\commons-digester\commons-digester\1.8\commons-digester-1.8.jar;C:\Users\Ankur\.m2\repository\commons-beanutils\commons-beanutils\1.7.0\commons-beanutils-1.7.0.jar;C:\Users\Ankur\.m2\repository\commons-beanutils\commons-beanutils-core\1.8.0\commons-beanutils-core-1.8.0.jar;C:\Users\Ankur\.m2\repository\com\google\protobuf\protobuf-java\2.5.0\protobuf-java-2.5.0.jar;C:\Users\Ankur\.m2\repository\com\google\code\gson\gson\2.2.4\gson-2.2.4.jar;C:\Users\Ankur\.m2\repository\org\apache\hadoop\hadoop-auth\2.6.0-cdh5.5.1\hadoop-auth-2.6.0-cdh5.5.1.jar;C:\Users\Ankur\.m2\repository\org\apache\directory\server\apacheds-kerberos-codec\2.0.0-M15\apacheds-kerberos-codec-2.0.0-M15.jar;C:\Users\Ankur\.m2\repository\org\apache\directory\server\apacheds-i18n\2.0.0-M15\apacheds-i18n-2.0.0-M15.jar;C:\Users\Ankur\.m2\repository\org\apache\directory\api\api-asn1-api\1.0.0-M20\api-asn1-api-1.0.0-M20.jar;C:\Users\Ankur\.m2\repository\org\apache\directory\api\api-util\1.0.0-M20\api-util-1.0.0-M20.jar;C:\Users\Ankur\.m2\repository\org\apache\curator\curator-client\2.7.1\curator-client-2.7.1.jar;C:\Users\Ankur\.m2\repository\org\apache\htrace\htrace-core4\4.0.1-incubating\htrace-core4-4.0.1-incubating.jar;C:\Users\Ankur\.m2\repository\org\apache\hadoop\hadoop-hdfs\2.6.0-cdh5.5.1\hadoop-hdfs-2.6.0-cdh5.5.1.jar;C:\Users\Ankur\.m2\repository\xerces\xercesImpl\2.9.1\xercesImpl-2.9.1.jar;C:\Users\Ankur\.m2\repository\xml-apis\xml-apis\1.3.04\xml-apis-1.3.04.jar;C:\Users\Ankur\.m2\repository\org\apache\hadoop\hadoop-mapreduce-client-app\2.6.0-cdh5.5.1\hadoop-mapreduce-client-app-2.6.0-cdh5.5.1.jar;C:\Users\Ankur\.m2\repository\org\apache\hadoop\hadoop-mapreduce-client-common\2.6.0-cdh5.5.1\hadoop-mapreduce-client-common-2.6.0-cdh5.5.1.jar;C:\Users\Ankur\.m2\repository\org\apache\hadoop\hadoop-yarn-client\2.6.0-cdh5.5.1\hadoop-yarn-client-2.6.0-cdh5.5.1.jar;C:\Users\Ankur\.m2\repository\org\apache\hadoop\hadoop-yarn-server-common\2.6.0-cdh5.5.1\hadoop-yarn-server-common-2.6.0-cdh5.5.1.jar;C:\Users\Ankur\.m2\repository\org\apache\hadoop\hadoop-mapreduce-client-shuffle\2.6.0-cdh5.5.1\hadoop-mapreduce-client-shuffle-2.6.0-cdh5.5.1.jar;C:\Users\Ankur\.m2\repository\org\apache\hadoop\hadoop-yarn-api\2.6.0-cdh5.5.1\hadoop-yarn-api-2.6.0-cdh5.5.1.jar;C:\Users\Ankur\.m2\repository\org\apache\hadoop\hadoop-mapreduce-client-core\2.6.0-cdh5.5.1\hadoop-mapreduce-client-core-2.6.0-cdh5.5.1.jar;C:\Users\Ankur\.m2\repository\org\apache\hadoop\hadoop-yarn-common\2.6.0-cdh5.5.1\hadoop-yarn-common-2.6.0-cdh5.5.1.jar;C:\Users\Ankur\.m2\repository\javax\xml\bind\jaxb-api\2.2.2\jaxb-api-2.2.2.jar;C:\Users\Ankur\.m2\repository\javax\xml\stream\stax-api\1.0-2\stax-api-1.0-2.jar;C:\Users\Ankur\.m2\repository\javax\activation\activation\1.1\activation-1.1.jar;C:\Users\Ankur\.m2\repository\com\sun\jersey\jersey-client\1.9\jersey-client-1.9.jar;C:\Users\Ankur\.m2\repository\org\codehaus\jackson\jackson-jaxrs\1.8.8\jackson-jaxrs-1.8.8.jar;C:\Users\Ankur\.m2\repository\org\codehaus\jackson\jackson-xc\1.8.8\jackson-xc-1.8.8.jar;C:\Users\Ankur\.m2\repository\org\apache\hadoop\hadoop-mapreduce-client-jobclient\2.6.0-cdh5.5.1\hadoop-mapreduce-client-jobclient-2.6.0-cdh5.5.1.jar;C:\Users\Ankur\.m2\repository\org\apache\hadoop\hadoop-aws\2.6.0-cdh5.5.1\hadoop-aws-2.6.0-cdh5.5.1.jar;C:\Users\Ankur\.m2\repository\com\amazonaws\aws-java-sdk\1.7.4\aws-java-sdk-1.7.4.jar;C:\Users\Ankur\.m2\repository\org\apache\hadoop\hadoop-annotations\2.6.0-cdh5.5.1\hadoop-annotations-2.6.0-cdh5.5.1.jar;C:\Users\Ankur\.m2\repository\org\apache\spark\spark-launcher_2.10\1.5.0-cdh5.5.1\spark-launcher_2.10-1.5.0-cdh5.5.1.jar;C:\Users\Ankur\.m2\repository\org\apache\spark\spark-network-common_2.10\1.5.0-cdh5.5.1\spark-network-common_2.10-1.5.0-cdh5.5.1.jar;C:\Users\Ankur\.m2\repository\org\apache\spark\spark-network-shuffle_2.10\1.5.0-cdh5.5.1\spark-network-shuffle_2.10-1.5.0-cdh5.5.1.jar;C:\Users\Ankur\.m2\repository\org\fusesource\leveldbjni\leveldbjni-all\1.8\leveldbjni-all-1.8.jar;C:\Users\Ankur\.m2\repository\com\fasterxml\jackson\core\jackson-annotations\2.2.3\jackson-annotations-2.2.3.jar;C:\Users\Ankur\.m2\repository\org\apache\spark\spark-unsafe_2.10\1.5.0-cdh5.5.1\spark-unsafe_2.10-1.5.0-cdh5.5.1.jar;C:\Users\Ankur\.m2\repository\net\java\dev\jets3t\jets3t\0.9.0\jets3t-0.9.0.jar;C:\Users\Ankur\.m2\repository\commons-codec\commons-codec\1.4\commons-codec-1.4.jar;C:\Users\Ankur\.m2\repository\org\apache\httpcomponents\httpclient\4.1.2\httpclient-4.1.2.jar;C:\Users\Ankur\.m2\repository\org\apache\httpcomponents\httpcore\4.1.2\httpcore-4.1.2.jar;C:\Users\Ankur\.m2\repository\com\jamesmurty\utils\java-xmlbuilder\0.4\java-xmlbuilder-0.4.jar;C:\Users\Ankur\.m2\repository\org\apache\curator\curator-recipes\2.7.1\curator-recipes-2.7.1.jar;C:\Users\Ankur\.m2\repository\org\apache\curator\curator-framework\2.7.1\curator-framework-2.7.1.jar;C:\Users\Ankur\.m2\repository\com\google\guava\guava\16.0.1\guava-16.0.1.jar;C:\Users\Ankur\.m2\repository\org\eclipse\jetty\orbit\javax.servlet\3.0.0.v201112011016\javax.servlet-3.0.0.v201112011016.jar;C:\Users\Ankur\.m2\repository\org\apache\commons\commons-lang3\3.3.2\commons-lang3-3.3.2.jar;C:\Users\Ankur\.m2\repository\org\apache\commons\commons-math3\3.4.1\commons-math3-3.4.1.jar;C:\Users\Ankur\.m2\repository\com\google\code\findbugs\jsr305\1.3.9\jsr305-1.3.9.jar;C:\Users\Ankur\.m2\repository\org\slf4j\slf4j-api\1.7.5\slf4j-api-1.7.5.jar;C:\Users\Ankur\.m2\repository\org\slf4j\jul-to-slf4j\1.7.5\jul-to-slf4j-1.7.5.jar;C:\Users\Ankur\.m2\repository\org\slf4j\jcl-over-slf4j\1.7.5\jcl-over-slf4j-1.7.5.jar;C:\Users\Ankur\.m2\repository\log4j\log4j\1.2.17\log4j-1.2.17.jar;C:\Users\Ankur\.m2\repository\org\slf4j\slf4j-log4j12\1.7.5\slf4j-log4j12-1.7.5.jar;C:\Users\Ankur\.m2\repository\com\ning\compress-lzf\1.0.3\compress-lzf-1.0.3.jar;C:\Users\Ankur\.m2\repository\net\jpountz\lz4\lz4\1.3.0\lz4-1.3.0.jar;C:\Users\Ankur\.m2\repository\org\roaringbitmap\RoaringBitmap\0.4.5\RoaringBitmap-0.4.5.jar;C:\Users\Ankur\.m2\repository\commons-net\commons-net\2.2\commons-net-2.2.jar;C:\Users\Ankur\.m2\repository\org\spark-project\akka\akka-remote_2.10\2.2.3-shaded-protobuf\akka-remote_2.10-2.2.3-shaded-protobuf.jar;C:\Users\Ankur\.m2\repository\org\spark-project\akka\akka-actor_2.10\2.2.3-shaded-protobuf\akka-actor_2.10-2.2.3-shaded-protobuf.jar;C:\Users\Ankur\.m2\repository\com\typesafe\config\1.0.2\config-1.0.2.jar;C:\Users\Ankur\.m2\repository\io\netty\netty\3.6.6.Final\netty-3.6.6.Final.jar;C:\Users\Ankur\.m2\repository\org\spark-project\protobuf\protobuf-java\2.4.1-shaded\protobuf-java-2.4.1-shaded.jar;C:\Users\Ankur\.m2\repository\org\uncommons\maths\uncommons-maths\1.2.2a\uncommons-maths-1.2.2a.jar;C:\Users\Ankur\.m2\repository\org\spark-project\akka\akka-slf4j_2.10\2.2.3-shaded-protobuf\akka-slf4j_2.10-2.2.3-shaded-protobuf.jar;C:\Users\Ankur\.m2\repository\org\json4s\json4s-jackson_2.10\3.2.10\json4s-jackson_2.10-3.2.10.jar;C:\Users\Ankur\.m2\repository\org\json4s\json4s-core_2.10\3.2.10\json4s-core_2.10-3.2.10.jar;C:\Users\Ankur\.m2\repository\org\json4s\json4s-ast_2.10\3.2.10\json4s-ast_2.10-3.2.10.jar;C:\Users\Ankur\.m2\repository\org\scala-lang\scalap\2.10.0\scalap-2.10.0.jar;C:\Users\Ankur\.m2\repository\com\sun\jersey\jersey-server\1.9\jersey-server-1.9.jar;C:\Users\Ankur\.m2\repository\asm\asm\3.1\asm-3.1.jar;C:\Users\Ankur\.m2\repository\com\sun\jersey\jersey-core\1.9\jersey-core-1.9.jar;C:\Users\Ankur\.m2\repository\org\apache\mesos\mesos\0.21.1\mesos-0.21.1-shaded-protobuf.jar;C:\Users\Ankur\.m2\repository\io\netty\netty-all\4.0.29.Final\netty-all-4.0.29.Final.jar;C:\Users\Ankur\.m2\repository\com\clearspring\analytics\stream\2.7.0\stream-2.7.0.jar;C:\Users\Ankur\.m2\repository\io\dropwizard\metrics\metrics-core\3.1.2\metrics-core-3.1.2.jar;C:\Users\Ankur\.m2\repository\io\dropwizard\metrics\metrics-jvm\3.1.2\metrics-jvm-3.1.2.jar;C:\Users\Ankur\.m2\repository\io\dropwizard\metrics\metrics-json\3.1.2\metrics-json-3.1.2.jar;C:\Users\Ankur\.m2\repository\io\dropwizard\metrics\metrics-graphite\3.1.2\metrics-graphite-3.1.2.jar;C:\Users\Ankur\.m2\repository\com\fasterxml\jackson\core\jackson-databind\2.2.3\jackson-databind-2.2.3.jar;C:\Users\Ankur\.m2\repository\com\fasterxml\jackson\core\jackson-core\2.2.3\jackson-core-2.2.3.jar;C:\Users\Ankur\.m2\repository\com\fasterxml\jackson\module\jackson-module-scala_2.10\2.2.3\jackson-module-scala_2.10-2.2.3.jar;C:\Users\Ankur\.m2\repository\org\apache\ivy\ivy\2.4.0\ivy-2.4.0.jar;C:\Users\Ankur\.m2\repository\oro\oro\2.0.8\oro-2.0.8.jar;C:\Users\Ankur\.m2\repository\org\tachyonproject\tachyon-client\0.7.1\tachyon-client-0.7.1.jar;C:\Users\Ankur\.m2\repository\commons-lang\commons-lang\2.4\commons-lang-2.4.jar;C:\Users\Ankur\.m2\repository\commons-io\commons-io\2.4\commons-io-2.4.jar;C:\Users\Ankur\.m2\repository\org\tachyonproject\tachyon-underfs-hdfs\0.7.1\tachyon-underfs-hdfs-0.7.1.jar;C:\Users\Ankur\.m2\repository\org\tachyonproject\tachyon-underfs-local\0.7.1\tachyon-underfs-local-0.7.1.jar;C:\Users\Ankur\.m2\repository\net\razorvine\pyrolite\4.4\pyrolite-4.4.jar;C:\Users\Ankur\.m2\repository\net\sf\py4j\py4j\0.8.2.1\py4j-0.8.2.1.jar;C:\Users\Ankur\.m2\repository\org\spark-project\spark\unused\1.0.0\unused-1.0.0.jar;C:\Users\Ankur\.m2\repository\org\apache\spark\spark-streaming_2.10\1.3.0\spark-streaming_2.10-1.3.0.jar;C:\Users\Ankur\.m2\repository\org\apache\kafka\kafka_2.10\0.9.0.1\kafka_2.10-0.9.0.1.jar;C:\Users\Ankur\.m2\repository\com\101tec\zkclient\0.7\zkclient-0.7.jar;C:\Users\Ankur\.m2\repository\org\apache\kafka\kafka-clients\0.9.0.1\kafka-clients-0.9.0.1.jar;C:\Users\Ankur\.m2\repository\com\yammer\metrics\metrics-core\2.2.0\metrics-core-2.2.0.jar;C:\Users\Ankur\.m2\repository\net\sf\jopt-simple\jopt-simple\3.2\jopt-simple-3.2.jar;C:\Users\Ankur\.m2\repository\org\apache\zookeeper\zookeeper\3.4.6\zookeeper-3.4.6.jar;C:\Users\Ankur\.m2\repository\jline\jline\0.9.94\jline-0.9.94.jar;C:\Users\Ankur\.m2\repository\junit\junit\3.8.1\junit-3.8.1.jar;C:\Users\Ankur\.m2\repository\org\apache\spark\spark-streaming-kafka_2.10\1.6.0\spark-streaming-kafka_2.10-1.6.0.jar;C:\Users\Ankur\.m2\repository\org\apache\spark\spark-sql_2.10\1.3.0\spark-sql_2.10-1.3.0.jar;C:\Users\Ankur\.m2\repository\org\apache\spark\spark-catalyst_2.10\1.3.0\spark-catalyst_2.10-1.3.0.jar;C:\Users\Ankur\.m2\repository\org\scala-lang\scala-compiler\2.10.4\scala-compiler-2.10.4.jar;C:\Users\Ankur\.m2\repository\org\scalamacros\quasiquotes_2.10\2.0.1\quasiquotes_2.10-2.0.1.jar;C:\Users\Ankur\.m2\repository\com\twitter\parquet-column\1.6.0rc3\parquet-column-1.6.0rc3.jar;C:\Users\Ankur\.m2\repository\com\twitter\parquet-common\1.6.0rc3\parquet-common-1.6.0rc3.jar;C:\Users\Ankur\.m2\repository\com\twitter\parquet-encoding\1.6.0rc3\parquet-encoding-1.6.0rc3.jar;C:\Users\Ankur\.m2\repository\com\twitter\parquet-generator\1.6.0rc3\parquet-generator-1.6.0rc3.jar;C:\Users\Ankur\.m2\repository\com\twitter\parquet-hadoop\1.6.0rc3\parquet-hadoop-1.6.0rc3.jar;C:\Users\Ankur\.m2\repository\com\twitter\parquet-format\2.2.0-rc1\parquet-format-2.2.0-rc1.jar;C:\Users\Ankur\.m2\repository\com\twitter\parquet-jackson\1.6.0rc3\parquet-jackson-1.6.0rc3.jar;C:\Users\Ankur\.m2\repository\org\jodd\jodd-core\3.6.3\jodd-core-3.6.3.jar;C:\Users\Ankur\.m2\repository\org\xerial\snappy\snappy-java\1.0.5\snappy-java-1.0.5.jar;C:\Users\Ankur\.m2\repository\org\scala-lang\scala-library\2.10.6\scala-library-2.10.6.jar;C:\Users\Ankur\.m2\repository\com\databricks\spark-csv_2.10\1.3.0\spark-csv_2.10-1.3.0.jar;C:\Users\Ankur\.m2\repository\org\apache\commons\commons-csv\1.1\commons-csv-1.1.jar;C:\Users\Ankur\.m2\repository\com\univocity\univocity-parsers\1.5.1\univocity-parsers-1.5.1.jar;C:\Users\Ankur\.m2\repository\org\scalatest\scalatest_2.10\2.2.1\scalatest_2.10-2.2.1.jar;C:\Users\Ankur\.m2\repository\org\scala-lang\scala-reflect\2.10.4\scala-reflect-2.10.4.jar;C:\Users\Ankur\.m2\repository\org\apache\avro\avro-mapred\1.7.6\avro-mapred-1.7.6-hadoop2.jar;C:\Users\Ankur\.m2\repository\org\apache\avro\avro-ipc\1.7.6\avro-ipc-1.7.6.jar;C:\Users\Ankur\.m2\repository\org\mortbay\jetty\jetty\6.1.26\jetty-6.1.26.jar;C:\Users\Ankur\.m2\repository\org\mortbay\jetty\jetty-util\6.1.26\jetty-util-6.1.26.jar;C:\Users\Ankur\.m2\repository\org\apache\velocity\velocity\1.7\velocity-1.7.jar;C:\Users\Ankur\.m2\repository\org\mortbay\jetty\servlet-api\2.5-20081211\servlet-api-2.5-20081211.jar;C:\Users\Ankur\.m2\repository\org\apache\avro\avro-ipc\1.7.6\avro-ipc-1.7.6-tests.jar;C:\Users\Ankur\.m2\repository\org\codehaus\jackson\jackson-core-asl\1.9.13\jackson-core-asl-1.9.13.jar;C:\Users\Ankur\.m2\repository\org\codehaus\jackson\jackson-mapper-asl\1.9.13\jackson-mapper-asl-1.9.13.jar;C:\Users\Ankur\.m2\repository\org\apache\avro\avro\1.7.6\avro-1.7.6.jar;C:\Users\Ankur\.m2\repository\com\thoughtworks\paranamer\paranamer\2.3\paranamer-2.3.jar;C:\Users\Ankur\.m2\repository\org\apache\commons\commons-compress\1.4.1\commons-compress-1.4.1.jar;C:\Users\Ankur\.m2\repository\org\tukaani\xz\1.0\xz-1.0.jar">
</property>
    <property name="java.vm.specification.version" value="1.7"> </property>
    <property name="sun.arch.data.model" value="64"> </property>
    <property name="java.home" value="C:\Program Files\Java\jre7"> </property>
    <property 
    name="sun.java.command" value="org.scalatest.tools.Runner -R C:\Users\Ankur\IdeaProjects\NeuroHadoopScala\target\classes C:\Users\Ankur\IdeaProjects\NeuroHadoopScala\target\test-classes -o -f C:\Users\Ankur\IdeaProjects\NeuroHadoopScala\target\surefire-reports\TestSuite.txt -u C:\Users\Ankur\IdeaProjects\NeuroHadoopScala\target\surefire-reports\.">
</property>
    <property name="java.specification.vendor" value="Oracle Corporation">
    </property>
    <property name="user.language" value="en"> </property>
    <property name="awt.toolkit" value="sun.awt.windows.WToolkit"> </property>
    <property name="java.vm.info" value="mixed mode"> </property>
    <property name="java.version" value="1.7.0_79"> </property>
    <property 
    name="java.ext.dirs" value="C:\Program Files\Java\jre7\lib\ext;C:\windows\Sun\Java\lib\ext">
</property>
    <property 
    name="sun.boot.class.path" value="C:\Program Files\Java\jre7\lib\resources.jar;C:\Program Files\Java\jre7\lib\rt.jar;C:\Program Files\Java\jre7\lib\sunrsasign.jar;C:\Program Files\Java\jre7\lib\jsse.jar;C:\Program Files\Java\jre7\lib\jce.jar;C:\Program Files\Java\jre7\lib\charsets.jar;C:\Program Files\Java\jre7\lib\jfr.jar;C:\Program Files\Java\jre7\classes">
</property>
    <property name="java.vendor" value="Oracle Corporation"> </property>
    <property name="file.separator" value="\"> </property>
    <property 
    name="java.vendor.url.bug" value="http://bugreport.sun.com/bugreport/">
</property>
    <property name="sun.cpu.endian" value="little"> </property>
    <property name="sun.io.unicode.encoding" value="UnicodeLittle"> </property>
    <property name="sun.desktop" value="windows"> </property>
    <property name="sun.cpu.isalist" value="amd64"> </property>
  </properties>
  <system-out><![CDATA[]]></system-out>
  <system-err><![CDATA[]]></system-err>
</testsuite>
